[2020-04-21 21:46:38] local.ERROR: SQLSTATE[22003]: Numeric value out of range: 1264 Out of range value for column 'temperature' at row 1 (SQL: insert into `weathers_temperatures` (`temperature`, `weather_id`, `updated_at`, `created_at`) values (37.3, 1, 2020-04-21 21:46:38, 2020-04-21 21:46:38)) {"exception":"[object] (Illuminate\\Database\\QueryException(code: 22003): SQLSTATE[22003]: Numeric value out of range: 1264 Out of range value for column 'temperature' at row 1 (SQL: insert into `weathers_temperatures` (`temperature`, `weather_id`, `updated_at`, `created_at`) values (37.3, 1, 2020-04-21 21:46:38, 2020-04-21 21:46:38)) at /var/www/html/ad94270a-992e-4e73-a76d-29a1918967f2/vendor/laravel/framework/src/Illuminate/Database/Connection.php:664, Doctrine\\DBAL\\Driver\\PDOException(code: 22003): SQLSTATE[22003]: Numeric value out of range: 1264 Out of range value for column 'temperature' at row 1 at /var/www/html/ad94270a-992e-4e73-a76d-29a1918967f2/vendor/doctrine/dbal/lib/Doctrine/DBAL/Driver/PDOStatement.php:119, PDOException(code: 22003): SQLSTATE[22003]: Numeric value out of range: 1264 Out of range value for column 'temperature' at row 1 at /var/www/html/ad94270a-992e-4e73-a76d-29a1918967f2/vendor/doctrine/dbal/lib/Doctrine/DBAL/Driver/PDOStatement.php:117)
[stacktrace]
#0 /var/www/html/ad94270a-992e-4e73-a76d-29a1918967f2/vendor/laravel/framework/src/Illuminate/Database/Connection.php(624): Illuminate\\Database\\Connection->runQueryCallback()
#1 /var/www/html/ad94270a-992e-4e73-a76d-29a1918967f2/vendor/laravel/framework/src/Illuminate/Database/Connection.php(459): Illuminate\\Database\\Connection->run()
#2 /var/www/html/ad94270a-992e-4e73-a76d-29a1918967f2/vendor/laravel/framework/src/Illuminate/Database/Connection.php(411): Illuminate\\Database\\Connection->statement()
#3 /var/www/html/ad94270a-992e-4e73-a76d-29a1918967f2/vendor/laravel/framework/src/Illuminate/Database/Query/Processors/Processor.php(32): Illuminate\\Database\\Connection->insert()
#4 /var/www/html/ad94270a-992e-4e73-a76d-29a1918967f2/vendor/laravel/framework/src/Illuminate/Database/Query/Builder.php(2657): Illuminate\\Database\\Query\\Processors\\Processor->processInsertGetId()
#5 /var/www/html/ad94270a-992e-4e73-a76d-29a1918967f2/vendor/laravel/framework/src/Illuminate/Database/Eloquent/Builder.php(1353): Illuminate\\Database\\Query\\Builder->insertGetId()
#6 /var/www/html/ad94270a-992e-4e73-a76d-29a1918967f2/vendor/laravel/framework/src/Illuminate/Database/Eloquent/Model.php(839): Illuminate\\Database\\Eloquent\\Builder->__call()
#7 /var/www/html/ad94270a-992e-4e73-a76d-29a1918967f2/vendor/laravel/framework/src/Illuminate/Database/Eloquent/Model.php(804): Illuminate\\Database\\Eloquent\\Model->insertAndSetId()
#8 /var/www/html/ad94270a-992e-4e73-a76d-29a1918967f2/vendor/laravel/framework/src/Illuminate/Database/Eloquent/Model.php(667): Illuminate\\Database\\Eloquent\\Model->performInsert()
#9 /var/www/html/ad94270a-992e-4e73-a76d-29a1918967f2/vendor/laravel/framework/src/Illuminate/Database/Eloquent/Relations/HasOneOrMany.php(281): Illuminate\\Database\\Eloquent\\Model->save()
#10 /var/www/html/ad94270a-992e-4e73-a76d-29a1918967f2/vendor/laravel/framework/src/Illuminate/Support/helpers.php(1124): Illuminate\\Database\\Eloquent\\Relations\\HasOneOrMany->Illuminate\\Database\\Eloquent\\Relations\\{closure}()
#11 /var/www/html/ad94270a-992e-4e73-a76d-29a1918967f2/vendor/laravel/framework/src/Illuminate/Database/Eloquent/Relations/HasOneOrMany.php(282): tap()
#12 /var/www/html/ad94270a-992e-4e73-a76d-29a1918967f2/vendor/laravel/framework/src/Illuminate/Database/Eloquent/Relations/HasOneOrMany.php(296): Illuminate\\Database\\Eloquent\\Relations\\HasOneOrMany->create()
#13 /var/www/html/ad94270a-992e-4e73-a76d-29a1918967f2/database/seeds/WeatherSeeder.php(36): Illuminate\\Database\\Eloquent\\Relations\\HasOneOrMany->createMany()
#14 [internal function]: WeatherSeeder->run()
#15 /var/www/html/ad94270a-992e-4e73-a76d-29a1918967f2/vendor/laravel/framework/src/Illuminate/Container/BoundMethod.php(32): call_user_func_array()
#16 /var/www/html/ad94270a-992e-4e73-a76d-29a1918967f2/vendor/laravel/framework/src/Illuminate/Container/BoundMethod.php(90): Illuminate\\Container\\BoundMethod::Illuminate\\Container\\{closure}()
#17 /var/www/html/ad94270a-992e-4e73-a76d-29a1918967f2/vendor/laravel/framework/src/Illuminate/Container/BoundMethod.php(34): Illuminate\\Container\\BoundMethod::callBoundMethod()
#18 /var/www/html/ad94270a-992e-4e73-a76d-29a1918967f2/vendor/laravel/framework/src/Illuminate/Container/Container.php(576): Illuminate\\Container\\BoundMethod::call()
#19 /var/www/html/ad94270a-992e-4e73-a76d-29a1918967f2/vendor/laravel/framework/src/Illuminate/Database/Seeder.php(122): Illuminate\\Container\\Container->call()
#20 /var/www/html/ad94270a-992e-4e73-a76d-29a1918967f2/vendor/laravel/framework/src/Illuminate/Database/Seeder.php(42): Illuminate\\Database\\Seeder->__invoke()
#21 /var/www/html/ad94270a-992e-4e73-a76d-29a1918967f2/database/seeds/DatabaseSeeder.php(14): Illuminate\\Database\\Seeder->call()
#22 [internal function]: DatabaseSeeder->run()
#23 /var/www/html/ad94270a-992e-4e73-a76d-29a1918967f2/vendor/laravel/framework/src/Illuminate/Container/BoundMethod.php(32): call_user_func_array()
#24 /var/www/html/ad94270a-992e-4e73-a76d-29a1918967f2/vendor/laravel/framework/src/Illuminate/Container/BoundMethod.php(90): Illuminate\\Container\\BoundMethod::Illuminate\\Container\\{closure}()
#25 /var/www/html/ad94270a-992e-4e73-a76d-29a1918967f2/vendor/laravel/framework/src/Illuminate/Container/BoundMethod.php(34): Illuminate\\Container\\BoundMethod::callBoundMethod()
#26 /var/www/html/ad94270a-992e-4e73-a76d-29a1918967f2/vendor/laravel/framework/src/Illuminate/Container/Container.php(576): Illuminate\\Container\\BoundMethod::call()
#27 /var/www/html/ad94270a-992e-4e73-a76d-29a1918967f2/vendor/laravel/framework/src/Illuminate/Database/Seeder.php(122): Illuminate\\Container\\Container->call()
#28 /var/www/html/ad94270a-992e-4e73-a76d-29a1918967f2/vendor/laravel/framework/src/Illuminate/Database/Console/Seeds/SeedCommand.php(63): Illuminate\\Database\\Seeder->__invoke()
#29 /var/www/html/ad94270a-992e-4e73-a76d-29a1918967f2/vendor/laravel/framework/src/Illuminate/Database/Eloquent/Concerns/GuardsAttributes.php(122): Illuminate\\Database\\Console\\Seeds\\SeedCommand->Illuminate\\Database\\Console\\Seeds\\{closure}()
#30 /var/www/html/ad94270a-992e-4e73-a76d-29a1918967f2/vendor/laravel/framework/src/Illuminate/Database/Console/Seeds/SeedCommand.php(64): Illuminate\\Database\\Eloquent\\Model::unguarded()
#31 [internal function]: Illuminate\\Database\\Console\\Seeds\\SeedCommand->handle()
#32 /var/www/html/ad94270a-992e-4e73-a76d-29a1918967f2/vendor/laravel/framework/src/Illuminate/Container/BoundMethod.php(32): call_user_func_array()
#33 /var/www/html/ad94270a-992e-4e73-a76d-29a1918967f2/vendor/laravel/framework/src/Illuminate/Container/BoundMethod.php(90): Illuminate\\Container\\BoundMethod::Illuminate\\Container\\{closure}()
#34 /var/www/html/ad94270a-992e-4e73-a76d-29a1918967f2/vendor/laravel/framework/src/Illuminate/Container/BoundMethod.php(34): Illuminate\\Container\\BoundMethod::callBoundMethod()
#35 /var/www/html/ad94270a-992e-4e73-a76d-29a1918967f2/vendor/laravel/framework/src/Illuminate/Container/Container.php(576): Illuminate\\Container\\BoundMethod::call()
#36 /var/www/html/ad94270a-992e-4e73-a76d-29a1918967f2/vendor/laravel/framework/src/Illuminate/Console/Command.php(183): Illuminate\\Container\\Container->call()
#37 /var/www/html/ad94270a-992e-4e73-a76d-29a1918967f2/vendor/symfony/console/Command/Command.php(255): Illuminate\\Console\\Command->execute()
#38 /var/www/html/ad94270a-992e-4e73-a76d-29a1918967f2/vendor/laravel/framework/src/Illuminate/Console/Command.php(170): Symfony\\Component\\Console\\Command\\Command->run()
#39 /var/www/html/ad94270a-992e-4e73-a76d-29a1918967f2/vendor/laravel/framework/src/Illuminate/Console/Command.php(198): Illuminate\\Console\\Command->run()
#40 /var/www/html/ad94270a-992e-4e73-a76d-29a1918967f2/vendor/laravel/framework/src/Illuminate/Database/Console/Migrations/FreshCommand.php(127): Illuminate\\Console\\Command->call()
#41 /var/www/html/ad94270a-992e-4e73-a76d-29a1918967f2/vendor/laravel/framework/src/Illuminate/Database/Console/Migrations/FreshCommand.php(65): Illuminate\\Database\\Console\\Migrations\\FreshCommand->runSeeder()
#42 [internal function]: Illuminate\\Database\\Console\\Migrations\\FreshCommand->handle()
#43 /var/www/html/ad94270a-992e-4e73-a76d-29a1918967f2/vendor/laravel/framework/src/Illuminate/Container/BoundMethod.php(32): call_user_func_array()
#44 /var/www/html/ad94270a-992e-4e73-a76d-29a1918967f2/vendor/laravel/framework/src/Illuminate/Container/BoundMethod.php(90): Illuminate\\Container\\BoundMethod::Illuminate\\Container\\{closure}()
#45 /var/www/html/ad94270a-992e-4e73-a76d-29a1918967f2/vendor/laravel/framework/src/Illuminate/Container/BoundMethod.php(34): Illuminate\\Container\\BoundMethod::callBoundMethod()
#46 /var/www/html/ad94270a-992e-4e73-a76d-29a1918967f2/vendor/laravel/framework/src/Illuminate/Container/Container.php(576): Illuminate\\Container\\BoundMethod::call()
#47 /var/www/html/ad94270a-992e-4e73-a76d-29a1918967f2/vendor/laravel/framework/src/Illuminate/Console/Command.php(183): Illuminate\\Container\\Container->call()
#48 /var/www/html/ad94270a-992e-4e73-a76d-29a1918967f2/vendor/symfony/console/Command/Command.php(255): Illuminate\\Console\\Command->execute()
#49 /var/www/html/ad94270a-992e-4e73-a76d-29a1918967f2/vendor/laravel/framework/src/Illuminate/Console/Command.php(170): Symfony\\Component\\Console\\Command\\Command->run()
#50 /var/www/html/ad94270a-992e-4e73-a76d-29a1918967f2/vendor/symfony/console/Application.php(921): Illuminate\\Console\\Command->run()
#51 /var/www/html/ad94270a-992e-4e73-a76d-29a1918967f2/vendor/symfony/console/Application.php(273): Symfony\\Component\\Console\\Application->doRunCommand()
#52 /var/www/html/ad94270a-992e-4e73-a76d-29a1918967f2/vendor/symfony/console/Application.php(149): Symfony\\Component\\Console\\Application->doRun()
#53 /var/www/html/ad94270a-992e-4e73-a76d-29a1918967f2/vendor/laravel/framework/src/Illuminate/Console/Application.php(90): Symfony\\Component\\Console\\Application->run()
#54 /var/www/html/ad94270a-992e-4e73-a76d-29a1918967f2/vendor/laravel/framework/src/Illuminate/Foundation/Console/Kernel.php(133): Illuminate\\Console\\Application->run()
#55 /var/www/html/ad94270a-992e-4e73-a76d-29a1918967f2/artisan(37): Illuminate\\Foundation\\Console\\Kernel->handle()
#56 {main}
"} 
